<?xml version="1.0" encoding="UTF-8"?>
<!-- Generated by org.testng.reporters.JUnitReportReporter -->
<testsuite hostname="DESKTOP-30IQV49" failures="0" tests="1" name="My.Scratch.StandAlone" time="27.387" errors="0" timestamp="2022-12-16T17:44:06 IST" skipped="0">
  <testcase classname="My.Scratch.StandAlone" name="formPage" time="27.387"/>
  <system-out/>
</testsuite> <!-- My.Scratch.StandAlone -->
